[2019-10-13 20:51:31] production.INFO: Sending email - To: suri@sonline.us | Reply: peri@sonline.us | From:  [] []
[2019-10-13 21:18:56] production.INFO: Sending email - To: suri@sonline.us | Reply: 0004+on1k0bl0gflgbnz5joa3hk21loiuny3o@ | From: @ [] []
[2019-10-13 21:18:58] production.INFO: Sending email - To: suri@sonline.us | Reply: @ | From: Ticket 0004 has been created. [] []
[2019-10-13 21:18:58] production.INFO: No Account or Server API tokens were supplied in the HTTP headers. Please add a header for either X-Postmark-Server-Token or X-Postmark-Account-Token. [] []
[2019-10-13 21:35:37] production.INFO: Sending email - To: suri@sonline.us | Reply: 0005+wayeeo7p7zghhnviqoeg6oxhjszbzhir@ | From: @ [] []
[2019-10-13 21:35:38] production.INFO: Sending email - To: suri@sonline.us | Reply: @ | From: Ticket 0005 has been created. [] []
[2019-10-13 21:35:38] production.INFO: No Account or Server API tokens were supplied in the HTTP headers. Please add a header for either X-Postmark-Server-Token or X-Postmark-Account-Token. [] []
[2019-10-14 13:13:53] production.INFO: Sending email - To: suri@sonline.us | Reply: 0006+fh0ktg2pjyzxexbgu5jizn5q3caxkoim@ | From: @ [] []
[2019-10-14 13:13:55] production.INFO: Sending email - To: suri@sonline.us | Reply: @ | From: Ticket 0006 has been created. [] []
[2019-10-14 13:13:55] production.INFO: No Account or Server API tokens were supplied in the HTTP headers. Please add a header for either X-Postmark-Server-Token or X-Postmark-Account-Token. [] []
[2019-10-14 13:39:21] production.INFO: Sending email - To: suri@sonline.us | Reply: +0008@ | From: @ [] []
[2019-10-14 13:39:23] production.INFO: Sending email - To: suri@sonline.us | Reply: +0008@ | From: @ [] []
[2019-10-14 13:39:28] production.INFO: Sending email - To: suri@sonline.us | Reply: +0008@ | From: @ [] []
[2019-10-14 13:39:29] production.INFO: Sending email - To: suri@sonline.us | Reply: +0008@ | From: @ [] []
[2019-10-14 13:39:37] production.INFO: Sending email - To: suri@sonline.us | Reply: +0008@ | From: @ [] []
[2019-10-14 13:39:38] production.INFO: Sending email - To: suri@sonline.us | Reply: +0008@ | From: @ [] []
[2019-10-14 13:40:18] production.INFO: Sending email - To: suri@sonline.us | Reply: 0009+5wbqxngjobohywylq3bncmbdqsuvjlji@ | From: @ [] []
[2019-10-14 13:40:19] production.INFO: Sending email - To: suri@sonline.us | Reply: @ | From: Ticket 0009 has been created. [] []
[2019-10-14 13:40:19] production.INFO: No Account or Server API tokens were supplied in the HTTP headers. Please add a header for either X-Postmark-Server-Token or X-Postmark-Account-Token. [] []
[2019-10-14 13:50:38] production.INFO: Sending email - To: suri@sonline.us | Reply: 0010+grnwk8ot6wqlbip4y6jpxq34wyfvtszs@ | From: @ [] []
[2019-10-14 13:50:39] production.INFO: Sending email - To: suri@sonline.us | Reply: @ | From: Ticket 0010 has been created. [] []
[2019-10-14 13:50:39] production.INFO: No Account or Server API tokens were supplied in the HTTP headers. Please add a header for either X-Postmark-Server-Token or X-Postmark-Account-Token. [] []
[2019-10-15 13:56:00] production.INFO: Sending email - To: suri@sonline.us | Reply: 0013+zodngvsfkpn030n0uznrgsdd06m23cj3@ | From: @ [] []
[2019-10-15 13:56:02] production.INFO: Sending email - To: suri@sonline.us | Reply: @ | From: Ticket 0013 has been created. [] []
[2019-10-15 13:56:02] production.INFO: No Account or Server API tokens were supplied in the HTTP headers. Please add a header for either X-Postmark-Server-Token or X-Postmark-Account-Token. [] []
[2019-10-15 14:01:53] production.INFO: Sending email - To: suri@sonline.us | Reply: 0014+5luyrjkzpsi4muadlcheke5vlirxnvpb@ | From: @ [] []
[2019-10-15 14:01:55] production.INFO: Sending email - To: suri@sonline.us | Reply: @ | From: Ticket 0014 has been created. [] []
[2019-10-15 14:01:55] production.INFO: No Account or Server API tokens were supplied in the HTTP headers. Please add a header for either X-Postmark-Server-Token or X-Postmark-Account-Token. [] []
[2019-10-15 14:15:57] production.INFO: Sending email - To: suri@sonline.us | Reply: 0015+wo037ebr5igqj7lx7a6vpzk9c0r7eje2@ | From: @ [] []
[2019-10-15 14:21:40] production.INFO: Sending email - To: suri@sonline.us | Reply: peri@sonline.us | From:  [] []
[2019-10-15 14:28:01] production.INFO: Sending email - To: suri@sonline.us | Reply: 0016+rdwdftooou9rgkgz7trqy699uibe7501@ | From: @ [] []
[2019-10-15 14:28:02] production.INFO: Sending email - To: suri@sonline.us | Reply: @ | From: Ticket 0016 has been created. [] []
[2019-10-15 14:28:02] production.INFO: No Account or Server API tokens were supplied in the HTTP headers. Please add a header for either X-Postmark-Server-Token or X-Postmark-Account-Token. [] []
[2019-10-15 14:36:36] production.INFO: Sending email - To: suri@sonline.us | Reply: 0017+p3zw1m7dednihbx0qbn4rshyauhuhj7r@ | From: @ [] []
[2019-10-15 14:36:37] production.INFO: Sending email - To: suri@sonline.us | Reply: @ | From: Ticket 0017 has been created. [] []
[2019-10-15 14:36:37] production.INFO: No Account or Server API tokens were supplied in the HTTP headers. Please add a header for either X-Postmark-Server-Token or X-Postmark-Account-Token. [] []
[2019-10-15 14:37:14] production.INFO: Sending email - To: suri@sonline.us | Reply: peri@sonline.us | From: peri@sonline.us [] []
[2019-10-15 14:37:15] production.INFO: Sending email - To: peri@sonline.us | Reply: peri@sonline.us | From: peri@sonline.us [] []
[2019-10-15 14:39:08] production.INFO: Sending email - To: suri@sonline.us | Reply: 0017+p3zw1m7dednihbx0qbn4rshyauhuhj7r@ | From: @ [] []
[2019-10-15 14:39:10] production.INFO: Sending email - To: suri@sonline.us | Reply: 0017+p3zw1m7dednihbx0qbn4rshyauhuhj7r@ | From: @ [] []
[2019-10-15 14:44:37] production.INFO: Sending email - To: suri@sonline.us | Reply: 0019+qaos1yfkxfmwtvlakojeupw4w5lt0a3f@ | From: @ [] []
[2019-10-15 14:44:38] production.INFO: Sending email - To: suri@sonline.us | Reply: @ | From: Ticket 0019 has been created. [] []
[2019-10-15 14:44:38] production.INFO: No Account or Server API tokens were supplied in the HTTP headers. Please add a header for either X-Postmark-Server-Token or X-Postmark-Account-Token. [] []
[2019-10-15 14:47:50] production.INFO: Sending email - To: suri@sonline.us | Reply: 0020+1nhrm6sgcklgcgv87djs0n9hpd0ih2hi@ | From: @ [] []
[2019-10-15 14:47:51] production.INFO: Sending email - To: suri@sonline.us | Reply: @ | From: Ticket 0020 has been created. [] []
[2019-10-15 14:47:51] production.INFO: No Account or Server API tokens were supplied in the HTTP headers. Please add a header for either X-Postmark-Server-Token or X-Postmark-Account-Token. [] []
[2019-10-15 14:51:59] production.INFO: Sending email - To: suri@sonline.us | Reply: 0021+qkptraoa7mk9njgo7ci8svttgxag5paz@ | From: @ [] []
[2019-10-15 14:52:01] production.INFO: Sending email - To: suri@sonline.us | Reply: @ | From: Ticket 0021 has been created. [] []
[2019-10-15 14:52:01] production.INFO: No Account or Server API tokens were supplied in the HTTP headers. Please add a header for either X-Postmark-Server-Token or X-Postmark-Account-Token. [] []
